[2026-04-10T11:45:02] Cantivia Bus starting on ws://127.0.0.1:8002
[2026-04-10T11:45:02] [bus] BUS_START: ws://127.0.0.1:8002
[2026-04-10T11:45:02] server listening on 127.0.0.1:8002
[2026-04-10T11:45:02] Bus online. Waiting for Jarvis and Cantivia to connect...
[2026-04-10T11:45:03] opening handshake failed
Traceback (most recent call last):
  File "/Users/ashkansamali/cowork/jarvis/.venv/lib/python3.12/site-packages/websockets/http11.py", line 138, in parse
    request_line = yield from parse_line(read_line)
                   ^^^^^^^^^^^^^^^^^^^^^^^^^^^^^^^^
  File "/Users/ashkansamali/cowork/jarvis/.venv/lib/python3.12/site-packages/websockets/http11.py", line 320, in parse_line
    line = yield from read_line(MAX_LINE_LENGTH)
           ^^^^^^^^^^^^^^^^^^^^^^^^^^^^^^^^^^^^^
  File "/Users/ashkansamali/cowork/jarvis/.venv/lib/python3.12/site-packages/websockets/streams.py", line 46, in read_line
    raise EOFError(f"stream ends after {p} bytes, before end of line")
EOFError: stream ends after 0 bytes, before end of line

The above exception was the direct cause of the following exception:

Traceback (most recent call last):
  File "/Users/ashkansamali/cowork/jarvis/.venv/lib/python3.12/site-packages/websockets/server.py", line 547, in parse
    request = yield from Request.parse(
              ^^^^^^^^^^^^^^^^^^^^^^^^^
  File "/Users/ashkansamali/cowork/jarvis/.venv/lib/python3.12/site-packages/websockets/http11.py", line 140, in parse
    raise EOFError("connection closed while reading HTTP request line") from exc
EOFError: connection closed while reading HTTP request line

The above exception was the direct cause of the following exception:

Traceback (most recent call last):
  File "/Users/ashkansamali/cowork/jarvis/.venv/lib/python3.12/site-packages/websockets/asyncio/server.py", line 356, in conn_handler
    await connection.handshake(
  File "/Users/ashkansamali/cowork/jarvis/.venv/lib/python3.12/site-packages/websockets/asyncio/server.py", line 207, in handshake
    raise self.protocol.handshake_exc
websockets.exceptions.InvalidMessage: did not receive a valid HTTP request
[2026-04-10T11:45:06] connection open
[2026-04-10T11:45:06] Client registered: jarvis (total: 1)
[2026-04-10T11:45:06] [jarvis] CLIENT_CONNECT: total_clients=1
[2026-04-10T11:45:06] connection open
[2026-04-10T11:45:06] Client registered: cantivia (total: 2)
[2026-04-10T11:45:06] [cantivia] CLIENT_CONNECT: total_clients=2
[2026-04-10T11:45:08] connection open
[2026-04-10T11:45:49] Client disconnected: jarvis
[2026-04-10T11:45:49] [jarvis] CLIENT_DISCONNECT: remaining_clients=1
[2026-04-10T11:48:03] connection open
[2026-04-10T11:53:51] Cantivia Bus starting on ws://127.0.0.1:8002
[2026-04-10T11:53:51] [bus] BUS_START: ws://127.0.0.1:8002
[2026-04-10T11:53:51] server listening on 127.0.0.1:8002
[2026-04-10T11:53:51] Bus online. Waiting for Jarvis and Cantivia to connect...
[2026-04-10T11:53:52] opening handshake failed
Traceback (most recent call last):
  File "/Users/ashkansamali/cowork/jarvis/.venv/lib/python3.12/site-packages/websockets/http11.py", line 138, in parse
    request_line = yield from parse_line(read_line)
                   ^^^^^^^^^^^^^^^^^^^^^^^^^^^^^^^^
  File "/Users/ashkansamali/cowork/jarvis/.venv/lib/python3.12/site-packages/websockets/http11.py", line 320, in parse_line
    line = yield from read_line(MAX_LINE_LENGTH)
           ^^^^^^^^^^^^^^^^^^^^^^^^^^^^^^^^^^^^^
  File "/Users/ashkansamali/cowork/jarvis/.venv/lib/python3.12/site-packages/websockets/streams.py", line 46, in read_line
    raise EOFError(f"stream ends after {p} bytes, before end of line")
EOFError: stream ends after 0 bytes, before end of line

The above exception was the direct cause of the following exception:

Traceback (most recent call last):
  File "/Users/ashkansamali/cowork/jarvis/.venv/lib/python3.12/site-packages/websockets/server.py", line 547, in parse
    request = yield from Request.parse(
              ^^^^^^^^^^^^^^^^^^^^^^^^^
  File "/Users/ashkansamali/cowork/jarvis/.venv/lib/python3.12/site-packages/websockets/http11.py", line 140, in parse
    raise EOFError("connection closed while reading HTTP request line") from exc
EOFError: connection closed while reading HTTP request line

The above exception was the direct cause of the following exception:

Traceback (most recent call last):
  File "/Users/ashkansamali/cowork/jarvis/.venv/lib/python3.12/site-packages/websockets/asyncio/server.py", line 356, in conn_handler
    await connection.handshake(
  File "/Users/ashkansamali/cowork/jarvis/.venv/lib/python3.12/site-packages/websockets/asyncio/server.py", line 207, in handshake
    raise self.protocol.handshake_exc
websockets.exceptions.InvalidMessage: did not receive a valid HTTP request
[2026-04-10T11:53:54] connection open
[2026-04-10T11:53:54] Client registered: jarvis (total: 1)
[2026-04-10T11:53:54] [jarvis] CLIENT_CONNECT: total_clients=1
[2026-04-10T11:53:55] connection open
[2026-04-10T11:53:55] Client registered: cantivia (total: 2)
[2026-04-10T11:53:55] [cantivia] CLIENT_CONNECT: total_clients=2
[2026-04-10T11:53:56] connection open
[2026-04-10T12:00:51] Cantivia Bus starting on ws://127.0.0.1:8002
[2026-04-10T12:00:51] [bus] BUS_START: ws://127.0.0.1:8002
[2026-04-10T12:00:51] server listening on 127.0.0.1:8002
[2026-04-10T12:00:51] Bus online. Waiting for Jarvis and Cantivia to connect...
[2026-04-10T12:00:51] opening handshake failed
Traceback (most recent call last):
  File "/Users/ashkansamali/cowork/jarvis/.venv/lib/python3.12/site-packages/websockets/http11.py", line 138, in parse
    request_line = yield from parse_line(read_line)
                   ^^^^^^^^^^^^^^^^^^^^^^^^^^^^^^^^
  File "/Users/ashkansamali/cowork/jarvis/.venv/lib/python3.12/site-packages/websockets/http11.py", line 320, in parse_line
    line = yield from read_line(MAX_LINE_LENGTH)
           ^^^^^^^^^^^^^^^^^^^^^^^^^^^^^^^^^^^^^
  File "/Users/ashkansamali/cowork/jarvis/.venv/lib/python3.12/site-packages/websockets/streams.py", line 46, in read_line
    raise EOFError(f"stream ends after {p} bytes, before end of line")
EOFError: stream ends after 0 bytes, before end of line

The above exception was the direct cause of the following exception:

Traceback (most recent call last):
  File "/Users/ashkansamali/cowork/jarvis/.venv/lib/python3.12/site-packages/websockets/server.py", line 547, in parse
    request = yield from Request.parse(
              ^^^^^^^^^^^^^^^^^^^^^^^^^
  File "/Users/ashkansamali/cowork/jarvis/.venv/lib/python3.12/site-packages/websockets/http11.py", line 140, in parse
    raise EOFError("connection closed while reading HTTP request line") from exc
EOFError: connection closed while reading HTTP request line

The above exception was the direct cause of the following exception:

Traceback (most recent call last):
  File "/Users/ashkansamali/cowork/jarvis/.venv/lib/python3.12/site-packages/websockets/asyncio/server.py", line 356, in conn_handler
    await connection.handshake(
  File "/Users/ashkansamali/cowork/jarvis/.venv/lib/python3.12/site-packages/websockets/asyncio/server.py", line 207, in handshake
    raise self.protocol.handshake_exc
websockets.exceptions.InvalidMessage: did not receive a valid HTTP request
[2026-04-10T12:00:54] connection open
[2026-04-10T12:00:54] Client registered: jarvis (total: 1)
[2026-04-10T12:00:54] [jarvis] CLIENT_CONNECT: total_clients=1
[2026-04-10T12:00:55] connection open
[2026-04-10T12:00:55] Client registered: cantivia (total: 2)
[2026-04-10T12:00:55] [cantivia] CLIENT_CONNECT: total_clients=2
[2026-04-10T12:00:55] connection open
[2026-04-10T12:01:03] connection open
[2026-04-10T12:08:42] Client disconnected: jarvis
[2026-04-10T12:08:42] [jarvis] CLIENT_DISCONNECT: remaining_clients=1
[2026-04-10T12:16:28] Cantivia Bus starting on ws://127.0.0.1:8002
[2026-04-10T12:16:28] [bus] BUS_START: ws://127.0.0.1:8002
[2026-04-10T12:16:28] server listening on 127.0.0.1:8002
[2026-04-10T12:16:28] Bus online. Waiting for Jarvis and Cantivia to connect...
[2026-04-10T12:16:29] connection open
[2026-04-10T12:16:31] connection open
[2026-04-10T12:16:31] Client registered: jarvis (total: 1)
[2026-04-10T12:16:31] [jarvis] CLIENT_CONNECT: total_clients=1
[2026-04-10T12:16:31] connection open
[2026-04-10T12:16:31] Client registered: cantivia (total: 2)
[2026-04-10T12:16:31] [cantivia] CLIENT_CONNECT: total_clients=2
[2026-04-10T12:16:41] connection open
[2026-04-10T12:29:04] Cantivia Bus starting on ws://127.0.0.1:8002
[2026-04-10T12:29:04] [bus] BUS_START: ws://127.0.0.1:8002
[2026-04-10T12:29:04] server listening on 127.0.0.1:8002
[2026-04-10T12:29:04] Bus online. Waiting for Jarvis and Cantivia to connect...
[2026-04-10T12:29:08] connection open
[2026-04-10T12:29:08] Client registered: jarvis (total: 1)
[2026-04-10T12:29:08] [jarvis] CLIENT_CONNECT: total_clients=1
[2026-04-10T12:29:09] connection open
[2026-04-10T12:29:09] Client registered: cantivia (total: 2)
[2026-04-10T12:29:09] [cantivia] CLIENT_CONNECT: total_clients=2
[2026-04-10T12:29:13] connection open
[2026-04-10T12:39:11] Cantivia Bus starting on ws://127.0.0.1:8002
[2026-04-10T12:39:11] [bus] BUS_START: ws://127.0.0.1:8002
[2026-04-10T12:39:11] server listening on 127.0.0.1:8002
[2026-04-10T12:39:11] Bus online. Waiting for Jarvis and Cantivia to connect...
[2026-04-10T12:39:16] connection open
[2026-04-10T12:39:16] Client registered: jarvis (total: 1)
[2026-04-10T12:39:16] [jarvis] CLIENT_CONNECT: total_clients=1
[2026-04-10T12:39:16] connection open
[2026-04-10T12:39:16] Client registered: cantivia (total: 2)
[2026-04-10T12:39:16] [cantivia] CLIENT_CONNECT: total_clients=2
[2026-04-10T12:39:21] connection open
[2026-04-10T16:15:25] Cantivia Bus starting on ws://127.0.0.1:8002
[2026-04-10T16:15:25] [bus] BUS_START: ws://127.0.0.1:8002
[2026-04-10T16:15:25] server listening on 127.0.0.1:8002
[2026-04-10T16:15:25] Bus online. Waiting for Jarvis and Cantivia to connect...
[2026-04-10T16:15:29] connection open
[2026-04-10T16:15:29] Client registered: jarvis (total: 1)
[2026-04-10T16:15:29] [jarvis] CLIENT_CONNECT: total_clients=1
[2026-04-10T16:15:30] connection open
[2026-04-10T16:15:30] Client registered: cantivia (total: 2)
[2026-04-10T16:15:30] [cantivia] CLIENT_CONNECT: total_clients=2
[2026-04-10T16:15:34] connection open
[2026-04-10T16:16:02] connection open
[2026-04-10T16:16:02] Client registered: cli (total: 3)
[2026-04-10T16:16:02] [cli] CLIENT_CONNECT: total_clients=3
[2026-04-10T16:16:11] Client disconnected: cli
[2026-04-10T16:16:11] [cli] CLIENT_DISCONNECT: remaining_clients=2
[2026-04-10T16:16:16] connection open
[2026-04-10T16:16:16] Client registered: cli (total: 3)
[2026-04-10T16:16:16] [cli] CLIENT_CONNECT: total_clients=3
[2026-04-10T16:39:55] Cantivia Bus starting on ws://127.0.0.1:8002
[2026-04-10T16:39:55] [bus] BUS_START: ws://127.0.0.1:8002
[2026-04-10T16:39:55] server listening on 127.0.0.1:8002
[2026-04-10T16:39:55] Bus online. Waiting for Jarvis and Cantivia to connect...
[2026-04-10T16:39:58] connection open
[2026-04-10T16:39:58] Client registered: cli (total: 1)
[2026-04-10T16:39:58] [cli] CLIENT_CONNECT: total_clients=1
[2026-04-10T16:39:59] connection open
[2026-04-10T16:39:59] Client registered: jarvis (total: 2)
[2026-04-10T16:39:59] [jarvis] CLIENT_CONNECT: total_clients=2
[2026-04-10T16:40:00] connection open
[2026-04-10T16:40:00] Client registered: cantivia (total: 3)
[2026-04-10T16:40:00] [cantivia] CLIENT_CONNECT: total_clients=3
[2026-04-10T16:40:04] connection open
[2026-04-10T16:41:22] connection open
[2026-04-10T16:41:22] Client registered: agent-manager (total: 4)
[2026-04-10T16:41:22] [agent-manager] CLIENT_CONNECT: total_clients=4
[2026-04-10T16:41:22] [agent-manager] → AGENT_STATUS: {'type': 'AGENT_STATUS', 'agent_id': 'AGENT-1775835682', 'status': 'running', 'message': 'Starting task: MediaPipe hand 
[2026-04-10T16:41:22] [agent-manager] EVENT_AGENT_STATUS: 
[2026-04-10T16:41:22] AGENT_STATUS [AGENT-1775835682] running: Starting task: MediaPipe hand gestures and create a document in word
[2026-04-10T16:41:22] [agent-manager] AGENT_STATUS_RUNNING: agent=AGENT-1775835682 Starting task: MediaPipe hand gestures and create a document in word
[2026-04-10T16:41:22] Client disconnected: agent-manager
[2026-04-10T16:41:22] [agent-manager] CLIENT_DISCONNECT: remaining_clients=3
[2026-04-10T16:41:22] connection open
[2026-04-10T16:41:22] Client registered: agent-manager (total: 4)
[2026-04-10T16:41:22] [agent-manager] CLIENT_CONNECT: total_clients=4
[2026-04-10T16:41:22] [agent-manager] → AGENT_STATUS: {'type': 'AGENT_STATUS', 'agent_id': 'AGENT-1775835682', 'status': 'done', 'message': 'Agent AGENT-1775835682 received t
[2026-04-10T16:41:22] [agent-manager] EVENT_AGENT_STATUS: 
[2026-04-10T16:41:22] AGENT_STATUS [AGENT-1775835682] done: Agent AGENT-1775835682 received task: MediaPipe hand gestures and create a document in word
(No handler matched — general task noted.)
[2026-04-10T16:41:22] [agent-manager] AGENT_STATUS_DONE: agent=AGENT-1775835682 Agent AGENT-1775835682 received task: MediaPipe hand gestures and create a document in word
(No hand
[2026-04-10T16:41:22] Client disconnected: agent-manager
[2026-04-10T16:41:22] [agent-manager] CLIENT_DISCONNECT: remaining_clients=3
