[2026-04-11T16:04:33] Cantivia Bus starting on ws://127.0.0.1:8002
[2026-04-11T16:04:33] [bus] BUS_START: ws://127.0.0.1:8002
[2026-04-11T16:04:33] server listening on 127.0.0.1:8002
[2026-04-11T16:04:33] Bus online. Waiting for Jarvis and Cantivia to connect...
[2026-04-11T16:04:38] connection open
[2026-04-11T16:04:38] Client registered: jarvis (total: 1)
[2026-04-11T16:04:38] [jarvis] CLIENT_CONNECT: total_clients=1
[2026-04-11T16:04:38] connection open
[2026-04-11T16:04:38] Client registered: cantivia (total: 2)
[2026-04-11T16:04:38] [cantivia] CLIENT_CONNECT: total_clients=2
[2026-04-11T16:04:43] connection open
[2026-04-11T16:17:11] connection open
[2026-04-11T16:17:11] Client registered: agent-AGENT-1775920631064 (total: 3)
[2026-04-11T16:17:11] [agent-AGENT-1775920631064] CLIENT_CONNECT: total_clients=3
[2026-04-11T16:17:11] [agent-AGENT-1775920631064] → AGENT_UPDATE: {'type': 'AGENT_UPDATE', 'agent_id': 'AGENT-1775920631064', 'step': 0, 'action': 'start', 'observation': 'Starting task.
[2026-04-11T16:17:11] [agent-AGENT-1775920631064] EVENT_AGENT_UPDATE: 
[2026-04-11T16:17:11] AGENT_UPDATE [AGENT-1775920631064] step=0: start
[2026-04-11T16:17:11] [agent-AGENT-1775920631064] AGENT_UPDATE: agent_id=AGENT-1775920631064 step=0
[2026-04-11T16:17:11] [bus] CLIENT_PRUNED: dead client removed: agent-AGENT-1775920631064
[2026-04-11T16:17:11] Pruned dead client: agent-AGENT-1775920631064
[2026-04-11T16:17:11] Client disconnected: agent-AGENT-1775920631064
[2026-04-11T16:17:11] [agent-AGENT-1775920631064] CLIENT_DISCONNECT: remaining_clients=2
[2026-04-11T16:17:17] connection open
[2026-04-11T16:17:17] Client registered: agent-AGENT-1775920631064 (total: 3)
[2026-04-11T16:17:17] [agent-AGENT-1775920631064] CLIENT_CONNECT: total_clients=3
[2026-04-11T16:17:17] [agent-AGENT-1775920631064] → AGENT_UPDATE: {'type': 'AGENT_UPDATE', 'agent_id': 'AGENT-1775920631064', 'step': 1, 'action': 'web_search', 'observation': "Calling w
[2026-04-11T16:17:17] [agent-AGENT-1775920631064] EVENT_AGENT_UPDATE: 
[2026-04-11T16:17:17] AGENT_UPDATE [AGENT-1775920631064] step=1: web_search
[2026-04-11T16:17:17] [agent-AGENT-1775920631064] AGENT_UPDATE: agent_id=AGENT-1775920631064 step=1
[2026-04-11T16:17:17] Client disconnected: agent-AGENT-1775920631064
[2026-04-11T16:17:17] [agent-AGENT-1775920631064] CLIENT_DISCONNECT: remaining_clients=2
[2026-04-11T16:17:29] connection open
[2026-04-11T16:17:29] Client registered: agent-AGENT-1775920631064 (total: 3)
[2026-04-11T16:17:29] [agent-AGENT-1775920631064] CLIENT_CONNECT: total_clients=3
[2026-04-11T16:17:29] [agent-AGENT-1775920631064] → AGENT_UPDATE: {'type': 'AGENT_UPDATE', 'agent_id': 'AGENT-1775920631064', 'step': 2, 'action': 'fetch_url', 'observation': "Calling fe
[2026-04-11T16:17:29] [agent-AGENT-1775920631064] EVENT_AGENT_UPDATE: 
[2026-04-11T16:17:29] AGENT_UPDATE [AGENT-1775920631064] step=2: fetch_url
[2026-04-11T16:17:29] [agent-AGENT-1775920631064] AGENT_UPDATE: agent_id=AGENT-1775920631064 step=2
[2026-04-11T16:17:29] [bus] CLIENT_PRUNED: dead client removed: agent-AGENT-1775920631064
[2026-04-11T16:17:29] Pruned dead client: agent-AGENT-1775920631064
[2026-04-11T16:17:29] Client disconnected: agent-AGENT-1775920631064
[2026-04-11T16:17:29] [agent-AGENT-1775920631064] CLIENT_DISCONNECT: remaining_clients=2
[2026-04-11T16:17:42] connection open
[2026-04-11T16:17:42] Client registered: agent-AGENT-1775920631064 (total: 3)
[2026-04-11T16:17:42] [agent-AGENT-1775920631064] CLIENT_CONNECT: total_clients=3
[2026-04-11T16:17:42] [agent-AGENT-1775920631064] → AGENT_UPDATE: {'type': 'AGENT_UPDATE', 'agent_id': 'AGENT-1775920631064', 'step': 3, 'action': 'fetch_url', 'observation': 'Calling fe
[2026-04-11T16:17:42] [agent-AGENT-1775920631064] EVENT_AGENT_UPDATE: 
[2026-04-11T16:17:42] AGENT_UPDATE [AGENT-1775920631064] step=3: fetch_url
[2026-04-11T16:17:42] [agent-AGENT-1775920631064] AGENT_UPDATE: agent_id=AGENT-1775920631064 step=3
[2026-04-11T16:17:42] [bus] CLIENT_PRUNED: dead client removed: agent-AGENT-1775920631064
[2026-04-11T16:17:42] Pruned dead client: agent-AGENT-1775920631064
[2026-04-11T16:17:42] Client disconnected: agent-AGENT-1775920631064
[2026-04-11T16:17:42] [agent-AGENT-1775920631064] CLIENT_DISCONNECT: remaining_clients=2
[2026-04-11T16:17:47] connection open
[2026-04-11T16:17:47] Client registered: agent-AGENT-1775920631064 (total: 3)
[2026-04-11T16:17:47] [agent-AGENT-1775920631064] CLIENT_CONNECT: total_clients=3
[2026-04-11T16:17:47] [agent-AGENT-1775920631064] → AGENT_UPDATE: {'type': 'AGENT_UPDATE', 'agent_id': 'AGENT-1775920631064', 'step': 4, 'action': 'fetch_url', 'observation': "Calling fe
[2026-04-11T16:17:47] [agent-AGENT-1775920631064] EVENT_AGENT_UPDATE: 
[2026-04-11T16:17:47] AGENT_UPDATE [AGENT-1775920631064] step=4: fetch_url
[2026-04-11T16:17:47] [agent-AGENT-1775920631064] AGENT_UPDATE: agent_id=AGENT-1775920631064 step=4
[2026-04-11T16:17:47] [bus] CLIENT_PRUNED: dead client removed: agent-AGENT-1775920631064
[2026-04-11T16:17:47] Pruned dead client: agent-AGENT-1775920631064
[2026-04-11T16:17:47] Client disconnected: agent-AGENT-1775920631064
[2026-04-11T16:17:47] [agent-AGENT-1775920631064] CLIENT_DISCONNECT: remaining_clients=2
[2026-04-11T16:18:05] connection open
[2026-04-11T16:18:05] Client registered: agent-AGENT-1775920631064 (total: 3)
[2026-04-11T16:18:05] [agent-AGENT-1775920631064] CLIENT_CONNECT: total_clients=3
[2026-04-11T16:18:05] [agent-AGENT-1775920631064] → AGENT_UPDATE: {'type': 'AGENT_UPDATE', 'agent_id': 'AGENT-1775920631064', 'step': 5, 'action': 'fetch_url', 'observation': "Calling fe
[2026-04-11T16:18:05] [agent-AGENT-1775920631064] EVENT_AGENT_UPDATE: 
[2026-04-11T16:18:05] AGENT_UPDATE [AGENT-1775920631064] step=5: fetch_url
[2026-04-11T16:18:05] [agent-AGENT-1775920631064] AGENT_UPDATE: agent_id=AGENT-1775920631064 step=5
[2026-04-11T16:18:05] [bus] CLIENT_PRUNED: dead client removed: agent-AGENT-1775920631064
[2026-04-11T16:18:05] Pruned dead client: agent-AGENT-1775920631064
[2026-04-11T16:18:05] Client disconnected: agent-AGENT-1775920631064
[2026-04-11T16:18:05] [agent-AGENT-1775920631064] CLIENT_DISCONNECT: remaining_clients=2
[2026-04-11T16:18:23] connection open
[2026-04-11T16:18:23] Client registered: agent-AGENT-1775920631064 (total: 3)
[2026-04-11T16:18:23] [agent-AGENT-1775920631064] CLIENT_CONNECT: total_clients=3
[2026-04-11T16:18:23] [agent-AGENT-1775920631064] → AGENT_UPDATE: {'type': 'AGENT_UPDATE', 'agent_id': 'AGENT-1775920631064', 'step': 6, 'action': 'fetch_url', 'observation': "Calling fe
[2026-04-11T16:18:23] [agent-AGENT-1775920631064] EVENT_AGENT_UPDATE: 
[2026-04-11T16:18:23] AGENT_UPDATE [AGENT-1775920631064] step=6: fetch_url
[2026-04-11T16:18:23] [agent-AGENT-1775920631064] AGENT_UPDATE: agent_id=AGENT-1775920631064 step=6
[2026-04-11T16:18:23] [bus] CLIENT_PRUNED: dead client removed: agent-AGENT-1775920631064
[2026-04-11T16:18:23] Pruned dead client: agent-AGENT-1775920631064
[2026-04-11T16:18:23] Client disconnected: agent-AGENT-1775920631064
[2026-04-11T16:18:23] [agent-AGENT-1775920631064] CLIENT_DISCONNECT: remaining_clients=2
[2026-04-11T16:18:33] connection open
[2026-04-11T16:18:33] Client registered: agent-AGENT-1775920631064 (total: 3)
[2026-04-11T16:18:33] [agent-AGENT-1775920631064] CLIENT_CONNECT: total_clients=3
[2026-04-11T16:18:33] [agent-AGENT-1775920631064] → AGENT_UPDATE: {'type': 'AGENT_UPDATE', 'agent_id': 'AGENT-1775920631064', 'step': 7, 'action': 'fetch_url', 'observation': "Calling fe
[2026-04-11T16:18:33] [agent-AGENT-1775920631064] EVENT_AGENT_UPDATE: 
[2026-04-11T16:18:33] AGENT_UPDATE [AGENT-1775920631064] step=7: fetch_url
[2026-04-11T16:18:33] [agent-AGENT-1775920631064] AGENT_UPDATE: agent_id=AGENT-1775920631064 step=7
[2026-04-11T16:18:33] [bus] CLIENT_PRUNED: dead client removed: agent-AGENT-1775920631064
[2026-04-11T16:18:33] Pruned dead client: agent-AGENT-1775920631064
[2026-04-11T16:18:33] Client disconnected: agent-AGENT-1775920631064
[2026-04-11T16:18:33] [agent-AGENT-1775920631064] CLIENT_DISCONNECT: remaining_clients=2
[2026-04-11T16:18:43] connection open
[2026-04-11T16:18:43] Client registered: agent-AGENT-1775920631064 (total: 3)
[2026-04-11T16:18:43] [agent-AGENT-1775920631064] CLIENT_CONNECT: total_clients=3
[2026-04-11T16:18:43] [agent-AGENT-1775920631064] → AGENT_UPDATE: {'type': 'AGENT_UPDATE', 'agent_id': 'AGENT-1775920631064', 'step': 8, 'action': 'fetch_url', 'observation': "Calling fe
[2026-04-11T16:18:43] [agent-AGENT-1775920631064] EVENT_AGENT_UPDATE: 
[2026-04-11T16:18:43] AGENT_UPDATE [AGENT-1775920631064] step=8: fetch_url
[2026-04-11T16:18:43] [agent-AGENT-1775920631064] AGENT_UPDATE: agent_id=AGENT-1775920631064 step=8
[2026-04-11T16:18:43] [bus] CLIENT_PRUNED: dead client removed: agent-AGENT-1775920631064
[2026-04-11T16:18:43] Pruned dead client: agent-AGENT-1775920631064
[2026-04-11T16:18:43] Client disconnected: agent-AGENT-1775920631064
[2026-04-11T16:18:43] [agent-AGENT-1775920631064] CLIENT_DISCONNECT: remaining_clients=2
[2026-04-11T16:19:00] connection open
[2026-04-11T16:19:00] Client registered: agent-AGENT-1775920631064 (total: 3)
[2026-04-11T16:19:00] [agent-AGENT-1775920631064] CLIENT_CONNECT: total_clients=3
[2026-04-11T16:19:00] [agent-AGENT-1775920631064] → AGENT_UPDATE: {'type': 'AGENT_UPDATE', 'agent_id': 'AGENT-1775920631064', 'step': 9, 'action': 'web_search', 'observation': "Calling w
[2026-04-11T16:19:00] [agent-AGENT-1775920631064] EVENT_AGENT_UPDATE: 
[2026-04-11T16:19:00] AGENT_UPDATE [AGENT-1775920631064] step=9: web_search
[2026-04-11T16:19:00] [agent-AGENT-1775920631064] AGENT_UPDATE: agent_id=AGENT-1775920631064 step=9
[2026-04-11T16:19:00] [bus] CLIENT_PRUNED: dead client removed: agent-AGENT-1775920631064
[2026-04-11T16:19:00] Pruned dead client: agent-AGENT-1775920631064
[2026-04-11T16:19:00] Client disconnected: agent-AGENT-1775920631064
[2026-04-11T16:19:00] [agent-AGENT-1775920631064] CLIENT_DISCONNECT: remaining_clients=2
[2026-04-11T16:19:10] connection open
[2026-04-11T16:19:10] Client registered: agent-AGENT-1775920631064 (total: 3)
[2026-04-11T16:19:10] [agent-AGENT-1775920631064] CLIENT_CONNECT: total_clients=3
[2026-04-11T16:19:10] [agent-AGENT-1775920631064] → AGENT_UPDATE: {'type': 'AGENT_UPDATE', 'agent_id': 'AGENT-1775920631064', 'step': 10, 'action': 'fetch_url', 'observation': "Calling f
[2026-04-11T16:19:10] [agent-AGENT-1775920631064] EVENT_AGENT_UPDATE: 
[2026-04-11T16:19:10] AGENT_UPDATE [AGENT-1775920631064] step=10: fetch_url
[2026-04-11T16:19:10] [agent-AGENT-1775920631064] AGENT_UPDATE: agent_id=AGENT-1775920631064 step=10
[2026-04-11T16:19:10] [bus] CLIENT_PRUNED: dead client removed: agent-AGENT-1775920631064
[2026-04-11T16:19:10] Pruned dead client: agent-AGENT-1775920631064
[2026-04-11T16:19:10] Client disconnected: agent-AGENT-1775920631064
[2026-04-11T16:19:10] [agent-AGENT-1775920631064] CLIENT_DISCONNECT: remaining_clients=2
[2026-04-11T16:19:22] connection open
[2026-04-11T16:19:22] Client registered: agent-AGENT-1775920631064 (total: 3)
[2026-04-11T16:19:22] [agent-AGENT-1775920631064] CLIENT_CONNECT: total_clients=3
[2026-04-11T16:19:22] [agent-AGENT-1775920631064] → AGENT_UPDATE: {'type': 'AGENT_UPDATE', 'agent_id': 'AGENT-1775920631064', 'step': 11, 'action': 'web_search', 'observation': "Calling 
[2026-04-11T16:19:22] [agent-AGENT-1775920631064] EVENT_AGENT_UPDATE: 
[2026-04-11T16:19:22] AGENT_UPDATE [AGENT-1775920631064] step=11: web_search
[2026-04-11T16:19:22] [agent-AGENT-1775920631064] AGENT_UPDATE: agent_id=AGENT-1775920631064 step=11
[2026-04-11T16:19:22] [bus] CLIENT_PRUNED: dead client removed: agent-AGENT-1775920631064
[2026-04-11T16:19:22] Pruned dead client: agent-AGENT-1775920631064
[2026-04-11T16:19:22] Client disconnected: agent-AGENT-1775920631064
[2026-04-11T16:19:22] [agent-AGENT-1775920631064] CLIENT_DISCONNECT: remaining_clients=2
[2026-04-11T16:19:33] connection open
[2026-04-11T16:19:33] Client registered: agent-AGENT-1775920631064 (total: 3)
[2026-04-11T16:19:33] [agent-AGENT-1775920631064] CLIENT_CONNECT: total_clients=3
[2026-04-11T16:19:33] [agent-AGENT-1775920631064] → AGENT_UPDATE: {'type': 'AGENT_UPDATE', 'agent_id': 'AGENT-1775920631064', 'step': 12, 'action': 'fetch_url', 'observation': "Calling f
[2026-04-11T16:19:33] [agent-AGENT-1775920631064] EVENT_AGENT_UPDATE: 
[2026-04-11T16:19:33] AGENT_UPDATE [AGENT-1775920631064] step=12: fetch_url
[2026-04-11T16:19:33] [agent-AGENT-1775920631064] AGENT_UPDATE: agent_id=AGENT-1775920631064 step=12
[2026-04-11T16:19:33] [bus] CLIENT_PRUNED: dead client removed: agent-AGENT-1775920631064
[2026-04-11T16:19:33] Pruned dead client: agent-AGENT-1775920631064
[2026-04-11T16:19:33] Client disconnected: agent-AGENT-1775920631064
[2026-04-11T16:19:33] [agent-AGENT-1775920631064] CLIENT_DISCONNECT: remaining_clients=2
[2026-04-11T16:19:43] connection open
[2026-04-11T16:19:43] Client registered: agent-AGENT-1775920631064 (total: 3)
[2026-04-11T16:19:43] [agent-AGENT-1775920631064] CLIENT_CONNECT: total_clients=3
[2026-04-11T16:19:43] [agent-AGENT-1775920631064] → AGENT_UPDATE: {'type': 'AGENT_UPDATE', 'agent_id': 'AGENT-1775920631064', 'step': 13, 'action': 'fetch_url', 'observation': "Calling f
[2026-04-11T16:19:43] [agent-AGENT-1775920631064] EVENT_AGENT_UPDATE: 
[2026-04-11T16:19:43] AGENT_UPDATE [AGENT-1775920631064] step=13: fetch_url
[2026-04-11T16:19:43] [agent-AGENT-1775920631064] AGENT_UPDATE: agent_id=AGENT-1775920631064 step=13
[2026-04-11T16:19:43] [bus] CLIENT_PRUNED: dead client removed: agent-AGENT-1775920631064
[2026-04-11T16:19:43] Pruned dead client: agent-AGENT-1775920631064
[2026-04-11T16:19:43] Client disconnected: agent-AGENT-1775920631064
[2026-04-11T16:19:43] [agent-AGENT-1775920631064] CLIENT_DISCONNECT: remaining_clients=2
[2026-04-11T16:19:59] connection open
[2026-04-11T16:19:59] Client registered: agent-AGENT-1775920631064 (total: 3)
[2026-04-11T16:19:59] [agent-AGENT-1775920631064] CLIENT_CONNECT: total_clients=3
[2026-04-11T16:19:59] [agent-AGENT-1775920631064] → AGENT_UPDATE: {'type': 'AGENT_UPDATE', 'agent_id': 'AGENT-1775920631064', 'step': 14, 'action': 'fetch_url', 'observation': 'Calling f
[2026-04-11T16:19:59] [agent-AGENT-1775920631064] EVENT_AGENT_UPDATE: 
[2026-04-11T16:19:59] AGENT_UPDATE [AGENT-1775920631064] step=14: fetch_url
[2026-04-11T16:19:59] [agent-AGENT-1775920631064] AGENT_UPDATE: agent_id=AGENT-1775920631064 step=14
[2026-04-11T16:19:59] [bus] CLIENT_PRUNED: dead client removed: agent-AGENT-1775920631064
[2026-04-11T16:19:59] Pruned dead client: agent-AGENT-1775920631064
[2026-04-11T16:19:59] Client disconnected: agent-AGENT-1775920631064
[2026-04-11T16:19:59] [agent-AGENT-1775920631064] CLIENT_DISCONNECT: remaining_clients=2
[2026-04-11T16:20:13] connection open
[2026-04-11T16:20:13] Client registered: agent-AGENT-1775920631064 (total: 3)
[2026-04-11T16:20:13] [agent-AGENT-1775920631064] CLIENT_CONNECT: total_clients=3
[2026-04-11T16:20:13] [agent-AGENT-1775920631064] → AGENT_UPDATE: {'type': 'AGENT_UPDATE', 'agent_id': 'AGENT-1775920631064', 'step': 15, 'action': 'fetch_url', 'observation': "Calling f
[2026-04-11T16:20:13] [agent-AGENT-1775920631064] EVENT_AGENT_UPDATE: 
[2026-04-11T16:20:13] AGENT_UPDATE [AGENT-1775920631064] step=15: fetch_url
[2026-04-11T16:20:13] [agent-AGENT-1775920631064] AGENT_UPDATE: agent_id=AGENT-1775920631064 step=15
[2026-04-11T16:20:13] [bus] CLIENT_PRUNED: dead client removed: agent-AGENT-1775920631064
[2026-04-11T16:20:13] Pruned dead client: agent-AGENT-1775920631064
[2026-04-11T16:20:13] Client disconnected: agent-AGENT-1775920631064
[2026-04-11T16:20:13] [agent-AGENT-1775920631064] CLIENT_DISCONNECT: remaining_clients=2
[2026-04-11T16:20:32] connection open
[2026-04-11T16:20:32] Client registered: agent-AGENT-1775920631064 (total: 3)
[2026-04-11T16:20:32] [agent-AGENT-1775920631064] CLIENT_CONNECT: total_clients=3
[2026-04-11T16:20:32] [agent-AGENT-1775920631064] → AGENT_UPDATE: {'type': 'AGENT_UPDATE', 'agent_id': 'AGENT-1775920631064', 'step': 16, 'action': 'fetch_url', 'observation': 'Calling f
[2026-04-11T16:20:32] [agent-AGENT-1775920631064] EVENT_AGENT_UPDATE: 
[2026-04-11T16:20:32] AGENT_UPDATE [AGENT-1775920631064] step=16: fetch_url
[2026-04-11T16:20:32] [agent-AGENT-1775920631064] AGENT_UPDATE: agent_id=AGENT-1775920631064 step=16
[2026-04-11T16:20:32] [bus] CLIENT_PRUNED: dead client removed: agent-AGENT-1775920631064
[2026-04-11T16:20:32] Pruned dead client: agent-AGENT-1775920631064
[2026-04-11T16:20:32] Client disconnected: agent-AGENT-1775920631064
[2026-04-11T16:20:32] [agent-AGENT-1775920631064] CLIENT_DISCONNECT: remaining_clients=2
[2026-04-11T16:20:46] connection open
[2026-04-11T16:20:46] Client registered: agent-AGENT-1775920631064 (total: 3)
[2026-04-11T16:20:46] [agent-AGENT-1775920631064] CLIENT_CONNECT: total_clients=3
[2026-04-11T16:20:46] [agent-AGENT-1775920631064] → AGENT_UPDATE: {'type': 'AGENT_UPDATE', 'agent_id': 'AGENT-1775920631064', 'step': 17, 'action': 'fetch_url', 'observation': "Calling f
[2026-04-11T16:20:46] [agent-AGENT-1775920631064] EVENT_AGENT_UPDATE: 
[2026-04-11T16:20:46] AGENT_UPDATE [AGENT-1775920631064] step=17: fetch_url
[2026-04-11T16:20:46] [agent-AGENT-1775920631064] AGENT_UPDATE: agent_id=AGENT-1775920631064 step=17
[2026-04-11T16:20:46] [bus] CLIENT_PRUNED: dead client removed: agent-AGENT-1775920631064
[2026-04-11T16:20:46] Pruned dead client: agent-AGENT-1775920631064
[2026-04-11T16:20:46] Client disconnected: agent-AGENT-1775920631064
[2026-04-11T16:20:46] [agent-AGENT-1775920631064] CLIENT_DISCONNECT: remaining_clients=2
[2026-04-11T16:21:05] connection open
[2026-04-11T16:21:05] Client registered: agent-AGENT-1775920631064 (total: 3)
[2026-04-11T16:21:05] [agent-AGENT-1775920631064] CLIENT_CONNECT: total_clients=3
[2026-04-11T16:21:05] [agent-AGENT-1775920631064] → AGENT_UPDATE: {'type': 'AGENT_UPDATE', 'agent_id': 'AGENT-1775920631064', 'step': 18, 'action': 'fetch_url', 'observation': 'Calling f
[2026-04-11T16:21:05] [agent-AGENT-1775920631064] EVENT_AGENT_UPDATE: 
[2026-04-11T16:21:05] AGENT_UPDATE [AGENT-1775920631064] step=18: fetch_url
[2026-04-11T16:21:05] [agent-AGENT-1775920631064] AGENT_UPDATE: agent_id=AGENT-1775920631064 step=18
[2026-04-11T16:21:05] [bus] CLIENT_PRUNED: dead client removed: agent-AGENT-1775920631064
[2026-04-11T16:21:05] Pruned dead client: agent-AGENT-1775920631064
[2026-04-11T16:21:05] Client disconnected: agent-AGENT-1775920631064
[2026-04-11T16:21:05] [agent-AGENT-1775920631064] CLIENT_DISCONNECT: remaining_clients=2
[2026-04-11T16:21:20] connection open
[2026-04-11T16:21:20] Client registered: agent-AGENT-1775920631064 (total: 3)
[2026-04-11T16:21:20] [agent-AGENT-1775920631064] CLIENT_CONNECT: total_clients=3
[2026-04-11T16:21:20] [agent-AGENT-1775920631064] → AGENT_UPDATE: {'type': 'AGENT_UPDATE', 'agent_id': 'AGENT-1775920631064', 'step': 19, 'action': 'fetch_url', 'observation': "Calling f
[2026-04-11T16:21:20] [agent-AGENT-1775920631064] EVENT_AGENT_UPDATE: 
[2026-04-11T16:21:20] AGENT_UPDATE [AGENT-1775920631064] step=19: fetch_url
[2026-04-11T16:21:20] [agent-AGENT-1775920631064] AGENT_UPDATE: agent_id=AGENT-1775920631064 step=19
[2026-04-11T16:21:20] [bus] CLIENT_PRUNED: dead client removed: agent-AGENT-1775920631064
[2026-04-11T16:21:20] Pruned dead client: agent-AGENT-1775920631064
[2026-04-11T16:21:20] Client disconnected: agent-AGENT-1775920631064
[2026-04-11T16:21:20] [agent-AGENT-1775920631064] CLIENT_DISCONNECT: remaining_clients=2
[2026-04-11T16:21:31] connection open
[2026-04-11T16:21:31] Client registered: agent-AGENT-1775920631064 (total: 3)
[2026-04-11T16:21:31] [agent-AGENT-1775920631064] CLIENT_CONNECT: total_clients=3
[2026-04-11T16:21:31] [agent-AGENT-1775920631064] → AGENT_UPDATE: {'type': 'AGENT_UPDATE', 'agent_id': 'AGENT-1775920631064', 'step': 20, 'action': 'fetch_url', 'observation': "Calling f
[2026-04-11T16:21:31] [agent-AGENT-1775920631064] EVENT_AGENT_UPDATE: 
[2026-04-11T16:21:31] AGENT_UPDATE [AGENT-1775920631064] step=20: fetch_url
[2026-04-11T16:21:31] [agent-AGENT-1775920631064] AGENT_UPDATE: agent_id=AGENT-1775920631064 step=20
[2026-04-11T16:21:31] [bus] CLIENT_PRUNED: dead client removed: agent-AGENT-1775920631064
[2026-04-11T16:21:31] Pruned dead client: agent-AGENT-1775920631064
[2026-04-11T16:21:31] Client disconnected: agent-AGENT-1775920631064
[2026-04-11T16:21:31] [agent-AGENT-1775920631064] CLIENT_DISCONNECT: remaining_clients=2
[2026-04-11T16:21:31] connection open
[2026-04-11T16:21:31] Client registered: agent-AGENT-1775920631064 (total: 3)
[2026-04-11T16:21:31] [agent-AGENT-1775920631064] CLIENT_CONNECT: total_clients=3
[2026-04-11T16:21:31] [agent-AGENT-1775920631064] → AGENT_UPDATE: {'type': 'AGENT_UPDATE', 'agent_id': 'AGENT-1775920631064', 'step': 0, 'action': 'done', 'observation': 'Max steps (20) 
[2026-04-11T16:21:31] [agent-AGENT-1775920631064] EVENT_AGENT_UPDATE: 
[2026-04-11T16:21:31] AGENT_UPDATE [AGENT-1775920631064] step=0: done
[2026-04-11T16:21:31] [agent-AGENT-1775920631064] AGENT_UPDATE: agent_id=AGENT-1775920631064 step=0
[2026-04-11T16:21:31] [bus] CLIENT_PRUNED: dead client removed: agent-AGENT-1775920631064
[2026-04-11T16:21:31] Pruned dead client: agent-AGENT-1775920631064
[2026-04-11T16:21:31] Client disconnected: agent-AGENT-1775920631064
[2026-04-11T16:21:31] [agent-AGENT-1775920631064] CLIENT_DISCONNECT: remaining_clients=2
