/Users/ashkansamali/cowork/cantivia-bus.py:71: DeprecationWarning: websockets.WebSocketServerProtocol is deprecated
  clients: dict[str, websockets.WebSocketServerProtocol] = {}
/Users/ashkansamali/cowork/cantivia-bus.py:196: DeprecationWarning: websockets.WebSocketServerProtocol is deprecated
  async def handler(websocket: websockets.WebSocketServerProtocol):
2026-04-18 22:15:51,099 [BUS] Cantivia Bus starting on ws://127.0.0.1:8002
[2026-04-18T22:15:51] [bus] BUS_START: ws://127.0.0.1:8002
2026-04-18 22:15:51,100 [BUS] server listening on 127.0.0.1:8002
2026-04-18 22:15:51,100 [BUS] Bus online. Waiting for Jarvis and Cantivia to connect...
2026-04-18 22:15:52,055 [BUS] opening handshake failed
Traceback (most recent call last):
  File "/Users/ashkansamali/cowork/jarvis/.venv/lib/python3.12/site-packages/websockets/http11.py", line 138, in parse
    request_line = yield from parse_line(read_line)
                   ^^^^^^^^^^^^^^^^^^^^^^^^^^^^^^^^
  File "/Users/ashkansamali/cowork/jarvis/.venv/lib/python3.12/site-packages/websockets/http11.py", line 320, in parse_line
    line = yield from read_line(MAX_LINE_LENGTH)
           ^^^^^^^^^^^^^^^^^^^^^^^^^^^^^^^^^^^^^
  File "/Users/ashkansamali/cowork/jarvis/.venv/lib/python3.12/site-packages/websockets/streams.py", line 46, in read_line
    raise EOFError(f"stream ends after {p} bytes, before end of line")
EOFError: stream ends after 0 bytes, before end of line

The above exception was the direct cause of the following exception:

Traceback (most recent call last):
  File "/Users/ashkansamali/cowork/jarvis/.venv/lib/python3.12/site-packages/websockets/server.py", line 547, in parse
    request = yield from Request.parse(
              ^^^^^^^^^^^^^^^^^^^^^^^^^
  File "/Users/ashkansamali/cowork/jarvis/.venv/lib/python3.12/site-packages/websockets/http11.py", line 140, in parse
    raise EOFError("connection closed while reading HTTP request line") from exc
EOFError: connection closed while reading HTTP request line

The above exception was the direct cause of the following exception:

Traceback (most recent call last):
  File "/Users/ashkansamali/cowork/jarvis/.venv/lib/python3.12/site-packages/websockets/asyncio/server.py", line 356, in conn_handler
    await connection.handshake(
  File "/Users/ashkansamali/cowork/jarvis/.venv/lib/python3.12/site-packages/websockets/asyncio/server.py", line 207, in handshake
    raise self.protocol.handshake_exc
websockets.exceptions.InvalidMessage: did not receive a valid HTTP request
2026-04-18 22:15:53,293 [BUS] connection open
2026-04-18 22:15:53,293 [BUS] Client registered: jarvis (total: 1)
[2026-04-18T22:15:53] [jarvis] CLIENT_CONNECT: total_clients=1
2026-04-18 22:15:53,598 [BUS] connection open
2026-04-18 22:15:54,205 [BUS] connection open
2026-04-18 22:15:54,206 [BUS] Client registered: cantivia (total: 2)
